<?xml version="1.0" encoding="UTF-8"?>
<!-- Generated by org.testng.reporters.JUnitReportReporter -->
<testsuite skipped="0" hostname="DESKTOP-LLDJF6G" name="testcases.FB_Login" tests="1" failures="0" timestamp="28 Apr 2017 00:38:10 GMT" time="10.406" errors="0">
  <testcase name="f" time="10.406" classname="testcases.FB_Login"/>
</testsuite> <!-- testcases.FB_Login -->
