<?xml version="1.0" encoding="UTF-8"?>
<!-- Generated by org.testng.reporters.JUnitReportReporter -->
<testsuite skipped="0" hostname="DESKTOP-LLDJF6G" name="testcases.NegativeTeting" tests="1" failures="0" timestamp="01 May 2017 22:38:18 GMT" time="38.702" errors="0">
  <testcase name="f" time="38.702" classname="testcases.NegativeTeting"/>
</testsuite> <!-- testcases.NegativeTeting -->
