<?xml version="1.0" encoding="UTF-8"?>
<!-- Generated by org.testng.reporters.JUnitReportReporter -->
<testsuite skipped="0" hostname="DESKTOP-LLDJF6G" name="testcases.Negitive_testing_Assignment" tests="1" failures="0" timestamp="02 May 2017 13:23:28 GMT" time="20.972" errors="0">
  <testcase name="f" time="20.972" classname="testcases.Negitive_testing_Assignment"/>
</testsuite> <!-- testcases.Negitive_testing_Assignment -->
