<?xml version="1.0" encoding="UTF-8"?>
<!-- Generated by org.testng.reporters.JUnitReportReporter -->
<testsuite skipped="0" hostname="DESKTOP-LLDJF6G" name="testcases.Gmail_test" tests="1" failures="0" timestamp="27 Apr 2017 01:00:53 GMT" time="13.358" errors="0">
  <testcase name="f" time="13.358" classname="testcases.Gmail_test"/>
</testsuite> <!-- testcases.Gmail_test -->
