<?xml version="1.0" encoding="UTF-8"?>
<!-- Generated by org.testng.reporters.JUnitReportReporter -->
<testsuite skipped="0" hostname="DESKTOP-LLDJF6G" name="testcases.Sample" tests="1" failures="0" timestamp="30 Apr 2017 02:41:41 GMT" time="0.020" errors="0">
  <testcase name="f" time="0.020" classname="testcases.Sample"/>
</testsuite> <!-- testcases.Sample -->
